        -:    0:Source:/media/sireth/F0CE491ACE48DA8C/Projects/CppProjects/Term_2/pr_1_struct/structs/Node.hpp
        -:    0:Graph:/media/sireth/F0CE491ACE48DA8C/Projects/CppProjects/Term_2/cmake-build-debug-coverage/CMakeFiles/pr_1_struct.dir/pr_1_struct/main.cpp.gcno
        -:    0:Data:/media/sireth/F0CE491ACE48DA8C/Projects/CppProjects/Term_2/cmake-build-debug-coverage/CMakeFiles/pr_1_struct.dir/pr_1_struct/main.cpp.gcda
        -:    0:Runs:1
        -:    1:#ifndef TERM_2_NODE_HPP
        -:    2:#define TERM_2_NODE_HPP
        -:    3:
        -:    4:#include "../classes/Data.hpp"
        -:    5:
        -:    6:template<typename T>
        -:    7:struct Node {
        -:    8:
        -:    9:    Data<T> data;
        -:   10:    Node *prev;
        -:   11:    Node *next;
        -:   12:
        -:   13:    explicit Node(Data<T> data);
        -:   14:};
        -:   15:
        -:   16:
        -:   17:template<typename T>
function _ZN4NodeIiEC2E4DataIiE called 4 returned 100% blocks executed 100%
        4:   18:Node<T>::Node(Data<T> data): data(data) {
        4:   19:    this->prev = this->next = nullptr;
        4:   20:}
        -:   21:
        -:   22:
        -:   23:#endif //TERM_2_NODE_HPP
