        -:    0:Source:/media/sireth/F0CE491ACE48DA8C/Projects/CppProjects/Term_2/pr_1_struct/unions/Sex.cpp
        -:    0:Graph:/media/sireth/F0CE491ACE48DA8C/Projects/CppProjects/Term_2/cmake-build-debug-coverage/CMakeFiles/pr_1_struct.dir/pr_1_struct/unions/Sex.cpp.gcno
        -:    0:Data:/media/sireth/F0CE491ACE48DA8C/Projects/CppProjects/Term_2/cmake-build-debug-coverage/CMakeFiles/pr_1_struct.dir/pr_1_struct/unions/Sex.cpp.gcda
        -:    0:Runs:1
        -:    1:#include "cstring"
        -:    2:
        -:    3:#include "Sex.h"
        -:    4:
function _ZN3SexC2Ec called 0 returned 0% blocks executed 0%
    #####:    5:Sex::Sex(char sex) {
    #####:    6:    if(strchr("МЖмжMFmf", sex) != nullptr){
    %%%%%:    6-block  0
branch  0 never executed
branch  1 never executed
    #####:    7:        this->str = sex;
    %%%%%:    7-block  0
        -:    8:    }
        -:    9:    else{
    #####:   10:        this->digit = sex;
    %%%%%:   10-block  0
        -:   11:    }
    #####:   12:}
        -:   13:
function _ZN3SexC2Ev called 0 returned 0% blocks executed 0%
    #####:   14:Sex::Sex() {
    #####:   15:    this->str = 'M';
    #####:   16:}
